<?xml version="1.0" encoding="UTF-8"?>
<testsuite xmlns:xsi="http://www.w3.org/2001/XMLSchema-instance" xsi:noNamespaceSchemaLocation="https://maven.apache.org/surefire/maven-surefire-plugin/xsd/surefire-test-report.xsd" version="3.0.1" name="io.andromeda.fragments.FileSystemFragmentRepositoryTest" time="0.394" tests="9" errors="0" skipped="0" failures="0">
  <properties>
[...]
</properties>
  <testcase name="parseFrontMatter extracts all fields correctly" classname="io.andromeda.fragments.FileSystemFragmentRepositoryTest" time="0.294">
    <system-out><![CDATA[Date value: 2024-01-15T02:00
]]></system-out>
    <system-err><![CDATA[SLF4J(W): No SLF4J providers were found.
SLF4J(W): Defaulting to no-operation (NOP) logger implementation
SLF4J(W): See https://www.slf4j.org/codes.html#noProviders for further details.
]]></system-err>
  </testcase>
  <testcase name="getAllVisible excludes invisible fragments" classname="io.andromeda.fragments.FileSystemFragmentRepositoryTest" time="0.014"/>
  <testcase name="getBySlug returns correct fragment" classname="io.andromeda.fragments.FileSystemFragmentRepositoryTest" time="0.008"/>
  <testcase name="preview is extracted from more tag" classname="io.andromeda.fragments.FileSystemFragmentRepositoryTest" time="0.012"/>
  <testcase name="getByTag returns fragments with matching tag" classname="io.andromeda.fragments.FileSystemFragmentRepositoryTest" time="0.011"/>
  <testcase name="content is converted to HTML" classname="io.andromeda.fragments.FileSystemFragmentRepositoryTest" time="0.009"/>
  <testcase name="getBySlug returns null for non-existent slug" classname="io.andromeda.fragments.FileSystemFragmentRepositoryTest" time="0.01"/>
  <testcase name="getAll returns empty list when no files exist" classname="io.andromeda.fragments.FileSystemFragmentRepositoryTest" time="0.006"/>
  <testcase name="getByCategory returns fragments with matching category" classname="io.andromeda.fragments.FileSystemFragmentRepositoryTest" time="0.009"/>
</testsuite>